188  [main] INFO  ca.jrvs.apps.jdbc.JDBCExecutor - Starting JDBCExecutor
228  [main] ERROR ca.jrvs.apps.jdbc.JDBCExecutor - SQL select error
org.postgresql.util.PSQLException: The authentication type 10 is not supported. Check that you have configured the pg_hba.conf file to include the client's IP address or subnet, and that it is using an authentication scheme supported by the driver.
	at org.postgresql.core.v3.ConnectionFactoryImpl.doAuthentication(ConnectionFactoryImpl.java:403)
	at org.postgresql.core.v3.ConnectionFactoryImpl.openConnectionImpl(ConnectionFactoryImpl.java:108)
	at org.postgresql.core.ConnectionFactory.openConnection(ConnectionFactory.java:66)
	at org.postgresql.jdbc2.AbstractJdbc2Connection.<init>(AbstractJdbc2Connection.java:125)
	at org.postgresql.jdbc3.AbstractJdbc3Connection.<init>(AbstractJdbc3Connection.java:30)
	at org.postgresql.jdbc3g.AbstractJdbc3gConnection.<init>(AbstractJdbc3gConnection.java:22)
	at org.postgresql.jdbc4.AbstractJdbc4Connection.<init>(AbstractJdbc4Connection.java:32)
	at org.postgresql.jdbc4.Jdbc4Connection.<init>(Jdbc4Connection.java:24)
	at org.postgresql.Driver.makeConnection(Driver.java:393)
	at org.postgresql.Driver.connect(Driver.java:267)
	at java.sql/java.sql.DriverManager.getConnection(DriverManager.java:681)
	at java.sql/java.sql.DriverManager.getConnection(DriverManager.java:190)
	at ca.jrvs.apps.jdbc.DatabaseConnectionManager.getConnection(DatabaseConnectionManager.java:20)
	at ca.jrvs.apps.jdbc.JDBCExecutor.main(JDBCExecutor.java:17)
210  [main] INFO  ca.jrvs.apps.jdbc.JDBCExecutor - Starting JDBCExecutor
247  [main] ERROR ca.jrvs.apps.jdbc.JDBCExecutor - SQL select error
org.postgresql.util.PSQLException: The authentication type 10 is not supported. Check that you have configured the pg_hba.conf file to include the client's IP address or subnet, and that it is using an authentication scheme supported by the driver.
	at org.postgresql.core.v3.ConnectionFactoryImpl.doAuthentication(ConnectionFactoryImpl.java:403)
	at org.postgresql.core.v3.ConnectionFactoryImpl.openConnectionImpl(ConnectionFactoryImpl.java:108)
	at org.postgresql.core.ConnectionFactory.openConnection(ConnectionFactory.java:66)
	at org.postgresql.jdbc2.AbstractJdbc2Connection.<init>(AbstractJdbc2Connection.java:125)
	at org.postgresql.jdbc3.AbstractJdbc3Connection.<init>(AbstractJdbc3Connection.java:30)
	at org.postgresql.jdbc3g.AbstractJdbc3gConnection.<init>(AbstractJdbc3gConnection.java:22)
	at org.postgresql.jdbc4.AbstractJdbc4Connection.<init>(AbstractJdbc4Connection.java:32)
	at org.postgresql.jdbc4.Jdbc4Connection.<init>(Jdbc4Connection.java:24)
	at org.postgresql.Driver.makeConnection(Driver.java:393)
	at org.postgresql.Driver.connect(Driver.java:267)
	at java.sql/java.sql.DriverManager.getConnection(DriverManager.java:681)
	at java.sql/java.sql.DriverManager.getConnection(DriverManager.java:190)
	at ca.jrvs.apps.jdbc.DatabaseConnectionManager.getConnection(DatabaseConnectionManager.java:20)
	at ca.jrvs.apps.jdbc.JDBCExecutor.main(JDBCExecutor.java:17)
235  [main] INFO  ca.jrvs.apps.jdbc.JDBCExecutor - Starting JDBCExecutor
297  [main] ERROR ca.jrvs.apps.jdbc.JDBCExecutor - SQL select error
org.postgresql.util.PSQLException: The authentication type 10 is not supported. Check that you have configured the pg_hba.conf file to include the client's IP address or subnet, and that it is using an authentication scheme supported by the driver.
	at org.postgresql.core.v3.ConnectionFactoryImpl.doAuthentication(ConnectionFactoryImpl.java:403)
	at org.postgresql.core.v3.ConnectionFactoryImpl.openConnectionImpl(ConnectionFactoryImpl.java:108)
	at org.postgresql.core.ConnectionFactory.openConnection(ConnectionFactory.java:66)
	at org.postgresql.jdbc2.AbstractJdbc2Connection.<init>(AbstractJdbc2Connection.java:125)
	at org.postgresql.jdbc3.AbstractJdbc3Connection.<init>(AbstractJdbc3Connection.java:30)
	at org.postgresql.jdbc3g.AbstractJdbc3gConnection.<init>(AbstractJdbc3gConnection.java:22)
	at org.postgresql.jdbc4.AbstractJdbc4Connection.<init>(AbstractJdbc4Connection.java:32)
	at org.postgresql.jdbc4.Jdbc4Connection.<init>(Jdbc4Connection.java:24)
	at org.postgresql.Driver.makeConnection(Driver.java:393)
	at org.postgresql.Driver.connect(Driver.java:267)
	at java.sql/java.sql.DriverManager.getConnection(DriverManager.java:681)
	at java.sql/java.sql.DriverManager.getConnection(DriverManager.java:190)
	at ca.jrvs.apps.jdbc.DatabaseConnectionManager.getConnection(DatabaseConnectionManager.java:20)
	at ca.jrvs.apps.jdbc.JDBCExecutor.main(JDBCExecutor.java:17)
208  [main] INFO  ca.jrvs.apps.jdbc.JDBCExecutor - Starting JDBCExecutor
488  [main] ERROR ca.jrvs.apps.jdbc.JDBCExecutor - SQL select error
org.postgresql.util.PSQLException: ERROR: syntax error at or near ")"
  Position: 30
	at org.postgresql.core.v3.QueryExecutorImpl.receiveErrorResponse(QueryExecutorImpl.java:2675)
	at org.postgresql.core.v3.QueryExecutorImpl.processResults(QueryExecutorImpl.java:2365)
	at org.postgresql.core.v3.QueryExecutorImpl.execute(QueryExecutorImpl.java:355)
	at org.postgresql.jdbc.PgStatement.executeInternal(PgStatement.java:490)
	at org.postgresql.jdbc.PgStatement.execute(PgStatement.java:408)
	at org.postgresql.jdbc.PgStatement.executeWithFlags(PgStatement.java:329)
	at org.postgresql.jdbc.PgStatement.executeCachedSql(PgStatement.java:315)
	at org.postgresql.jdbc.PgStatement.executeWithFlags(PgStatement.java:291)
	at org.postgresql.jdbc.PgStatement.executeQuery(PgStatement.java:243)
	at ca.jrvs.apps.jdbc.JDBCExecutor.main(JDBCExecutor.java:19)
173  [main] INFO  ca.jrvs.apps.jdbc.JDBCExecutor - Starting JDBCExecutor
466  [main] INFO  ca.jrvs.apps.jdbc.JDBCExecutor - 1000
232  [main] INFO  ca.jrvs.apps.jdbc.JDBCExecutor - Starting JDBCExecutor
482  [main] INFO  ca.jrvs.apps.jdbc.JDBCExecutor - 1000
208  [main] INFO  ca.jrvs.apps.jdbc.JDBCExecutor - Starting JDBCExecutor
524  [main] ERROR ca.jrvs.apps.jdbc.CustomerDAO - SQL create exception
org.postgresql.util.PSQLException: The column index is out of range: 7, number of columns: 6.
	at org.postgresql.core.v3.SimpleParameterList.bind(SimpleParameterList.java:70)
	at org.postgresql.core.v3.SimpleParameterList.setStringParameter(SimpleParameterList.java:133)
	at org.postgresql.jdbc.PgPreparedStatement.bindString(PgPreparedStatement.java:1058)
	at org.postgresql.jdbc.PgPreparedStatement.setString(PgPreparedStatement.java:364)
	at org.postgresql.jdbc.PgPreparedStatement.setString(PgPreparedStatement.java:350)
	at ca.jrvs.apps.jdbc.CustomerDAO.create(CustomerDAO.java:44)
	at ca.jrvs.apps.jdbc.JDBCExecutor.main(JDBCExecutor.java:29)
301  [main] INFO  ca.jrvs.apps.jdbc.JDBCExecutor - Starting JDBCExecutor
560  [main] ERROR ca.jrvs.apps.jdbc.CustomerDAO - SQL create exception
org.postgresql.util.PSQLException: The column index is out of range: 7, number of columns: 6.
	at org.postgresql.core.v3.SimpleParameterList.bind(SimpleParameterList.java:70)
	at org.postgresql.core.v3.SimpleParameterList.setStringParameter(SimpleParameterList.java:133)
	at org.postgresql.jdbc.PgPreparedStatement.bindString(PgPreparedStatement.java:1058)
	at org.postgresql.jdbc.PgPreparedStatement.setString(PgPreparedStatement.java:364)
	at org.postgresql.jdbc.PgPreparedStatement.setString(PgPreparedStatement.java:350)
	at ca.jrvs.apps.jdbc.CustomerDAO.create(CustomerDAO.java:44)
	at ca.jrvs.apps.jdbc.JDBCExecutor.main(JDBCExecutor.java:29)
217  [main] INFO  ca.jrvs.apps.jdbc.JDBCExecutor - Starting JDBCExecutor
290  [main] INFO  ca.jrvs.apps.jdbc.JDBCExecutor - Starting JDBCExecutor
391  [main] INFO  ca.jrvs.apps.jdbc.JDBCExecutor - Starting JDBCExecutor
369  [main] INFO  ca.jrvs.apps.jdbc.JDBCExecutor - Starting JDBCExecutor
328  [main] INFO  ca.jrvs.apps.jdbc.JDBCExecutor - Starting JDBCExecutor
220  [main] INFO  ca.jrvs.apps.jdbc.JDBCExecutor - Starting JDBCExecutor
215  [main] INFO  ca.jrvs.apps.jdbc.JDBCExecutor - Starting JDBCExecutor
269  [main] INFO  ca.jrvs.apps.jdbc.JDBCExecutor - Starting JDBCExecutor
274  [main] INFO  ca.jrvs.apps.jdbc.JDBCExecutor - Starting JDBCExecutor
227  [main] INFO  ca.jrvs.apps.jdbc.JDBCExecutor - Starting JDBCExecutor
207  [main] INFO  ca.jrvs.apps.jdbc.JDBCExecutor - Starting JDBCExecutor
246  [main] INFO  ca.jrvs.apps.jdbc.JDBCExecutor - Starting JDBCExecutor
203  [main] INFO  ca.jrvs.apps.jdbc.JDBCExecutor - Starting JDBCExecutor
184  [main] INFO  ca.jrvs.apps.jdbc.JDBCExecutor - Starting JDBCExecutor
